[21:48:44.926] Global cache location '/home/me/.cache/typescript/3.9', safe file path '/usr/lib/node_modules/typescript/lib/typingSafeList.json', types map path /usr/lib/node_modules/typescript/lib/typesMap.json
[21:48:44.928] Processing cache location '/home/me/.cache/typescript/3.9'
[21:48:44.928] Trying to find '/home/me/.cache/typescript/3.9/package.json'...
[21:48:44.929] Loaded content of '/home/me/.cache/typescript/3.9/package.json': {"private":true,"dependencies":{"types-registry":"^0.1.519"},"devDependencies":{"@types/eslint":"^7.2.0","@types/glob":"^7.1.3","@types/history":"^4.7.8","@types/mocha":"^7.0.2","@types/object-assign":"^4.0.30","@types/prop-types":"^15.7.3","@types/react":"^17.0.0","@types/react-dom":"^17.0.0","@types/react-router":"^5.1.8","@types/react-router-dom":"^5.1.6","@types/scheduler":"^0.16.1","@types/sprintf":"^0.1.0"}}
[21:48:44.929] Loaded content of '/home/me/.cache/typescript/3.9/package-lock.json'
[21:48:44.945] Adding entry into typings cache: 'eslint' => '/home/me/.cache/typescript/3.9/node_modules/@types/eslint/ts3.1/index.d.ts'
[21:48:44.948] Adding entry into typings cache: 'glob' => '/home/me/.cache/typescript/3.9/node_modules/@types/glob/index.d.ts'
[21:48:44.951] Adding entry into typings cache: 'history' => '/home/me/.cache/typescript/3.9/node_modules/@types/history/index.d.ts'
[21:48:44.956] Adding entry into typings cache: 'mocha' => '/home/me/.cache/typescript/3.9/node_modules/@types/mocha/index.d.ts'
[21:48:44.960] Adding entry into typings cache: 'object-assign' => '/home/me/.cache/typescript/3.9/node_modules/@types/object-assign/index.d.ts'
[21:48:44.963] Adding entry into typings cache: 'prop-types' => '/home/me/.cache/typescript/3.9/node_modules/@types/prop-types/index.d.ts'
[21:48:44.967] Adding entry into typings cache: 'react' => '/home/me/.cache/typescript/3.9/node_modules/@types/react/index.d.ts'
[21:48:44.973] Adding entry into typings cache: 'react-dom' => '/home/me/.cache/typescript/3.9/node_modules/@types/react-dom/index.d.ts'
[21:48:44.977] Adding entry into typings cache: 'react-router' => '/home/me/.cache/typescript/3.9/node_modules/@types/react-router/index.d.ts'
[21:48:44.980] Adding entry into typings cache: 'react-router-dom' => '/home/me/.cache/typescript/3.9/node_modules/@types/react-router-dom/index.d.ts'
[21:48:44.982] Adding entry into typings cache: 'scheduler' => '/home/me/.cache/typescript/3.9/node_modules/@types/scheduler/index.d.ts'
[21:48:44.985] Adding entry into typings cache: 'sprintf' => '/home/me/.cache/typescript/3.9/node_modules/@types/sprintf/index.d.ts'
[21:48:44.985] Finished processing cache location '/home/me/.cache/typescript/3.9'
[21:48:44.985] Process id: 25864
[21:48:44.985] NPM location: /usr/bin/npm (explicit '--npmLocation' not  provided)
[21:48:44.986] validateDefaultNpmLocation: false
[21:48:44.986] Npm config file: /home/me/.cache/typescript/3.9/package.json
[21:48:44.986] Updating types-registry npm package...
[21:48:44.986] Exec: /usr/bin/npm install --ignore-scripts types-registry@latest
[21:48:47.343]     Succeeded. stdout:
    + types-registry@0.1.519
    updated 1 package and audited 18 packages in 1.006s
found 0 vulnerabilities


[21:48:47.343] Updated types-registry npm package
[21:48:48.769] Got install request {"projectName":"/dev/null/inferredProject1*","fileNames":["/usr/lib/node_modules/typescript/lib/lib.d.ts","/usr/lib/node_modules/typescript/lib/lib.es5.d.ts","/usr/lib/node_modules/typescript/lib/lib.dom.d.ts","/usr/lib/node_modules/typescript/lib/lib.webworker.importscripts.d.ts","/usr/lib/node_modules/typescript/lib/lib.scripthost.d.ts","/home/me/js/dj/life/frontend/src/App.js"],"compilerOptions":{"target":1,"jsx":1,"allowNonTsExtensions":true,"allowJs":true,"noEmitForJsFiles":true,"maxNodeModuleJsDepth":2},"typeAcquisition":{"enable":true,"include":[],"exclude":[]},"unresolvedImports":[],"projectRootPath":"/home/me/js/dj/life/frontend/src","kind":"discover"}
[21:48:48.799] Loaded safelist from types map file '/usr/lib/node_modules/typescript/lib/typesMap.json'
[21:48:48.800] Explicitly included types: []
[21:48:48.801] Inferred typings from unresolved imports: []
[21:48:48.801] Result: {"cachedTypingPaths":[],"newTypingNames":[],"filesToWatch":["/home/me/js/dj/life/frontend/src/bower_components","/home/me/js/dj/life/frontend/src/node_modules"]}
[21:48:48.801] Finished typings discovery: {"cachedTypingPaths":[],"newTypingNames":[],"filesToWatch":["/home/me/js/dj/life/frontend/src/bower_components","/home/me/js/dj/life/frontend/src/node_modules"]}
[21:48:48.802] DirectoryWatcher:: Added:: WatchInfo: /home/me/js/dj/life/frontend/src/bower_components
[21:48:48.804] DirectoryWatcher:: Added:: WatchInfo: /home/me/js/dj/life/frontend/src/node_modules
[21:48:48.805] Sending response:
    {"projectName":"/dev/null/inferredProject1*","typeAcquisition":{"enable":true,"include":[],"exclude":[]},"compilerOptions":{"target":1,"jsx":1,"allowNonTsExtensions":true,"allowJs":true,"noEmitForJsFiles":true,"maxNodeModuleJsDepth":2},"typings":[],"unresolvedImports":[],"kind":"action::set"}
[21:48:48.805] Response has been sent.
[21:48:48.805] No new typings were requested as a result of typings discovery
[22:22:38.279] Got install request {"projectName":"/dev/null/inferredProject1*","fileNames":["/usr/lib/node_modules/typescript/lib/lib.d.ts","/usr/lib/node_modules/typescript/lib/lib.es5.d.ts","/usr/lib/node_modules/typescript/lib/lib.dom.d.ts","/usr/lib/node_modules/typescript/lib/lib.webworker.importscripts.d.ts","/usr/lib/node_modules/typescript/lib/lib.scripthost.d.ts","/home/me/js/dj/life/frontend/src/App.js"],"compilerOptions":{"target":1,"jsx":1,"allowNonTsExtensions":true,"allowJs":true,"noEmitForJsFiles":true,"maxNodeModuleJsDepth":2},"typeAcquisition":{"enable":true,"include":[],"exclude":[]},"unresolvedImports":[],"projectRootPath":"/home/me/js/dj/life/frontend/src","kind":"discover"}
[22:22:38.280] Explicitly included types: []
[22:22:38.280] Inferred typings from unresolved imports: []
[22:22:38.280] Result: {"cachedTypingPaths":[],"newTypingNames":[],"filesToWatch":["/home/me/js/dj/life/frontend/src/bower_components","/home/me/js/dj/life/frontend/src/node_modules"]}
[22:22:38.280] Finished typings discovery: {"cachedTypingPaths":[],"newTypingNames":[],"filesToWatch":["/home/me/js/dj/life/frontend/src/bower_components","/home/me/js/dj/life/frontend/src/node_modules"]}
[22:22:38.281] Sending response:
    {"projectName":"/dev/null/inferredProject1*","typeAcquisition":{"enable":true,"include":[],"exclude":[]},"compilerOptions":{"target":1,"jsx":1,"allowNonTsExtensions":true,"allowJs":true,"noEmitForJsFiles":true,"maxNodeModuleJsDepth":2},"typings":[],"unresolvedImports":[],"kind":"action::set"}
[22:22:38.281] Response has been sent.
[22:22:38.281] No new typings were requested as a result of typings discovery
