[23:15:26.43] Global cache location '/home/me/.cache/typescript/3.9', safe file path '/usr/lib/node_modules/typescript/lib/typingSafeList.json', types map path /usr/lib/node_modules/typescript/lib/typesMap.json
[23:15:26.45] Processing cache location '/home/me/.cache/typescript/3.9'
[23:15:26.45] Trying to find '/home/me/.cache/typescript/3.9/package.json'...
[23:15:26.46] Loaded content of '/home/me/.cache/typescript/3.9/package.json': {"private":true,"dependencies":{"types-registry":"^0.1.519"},"devDependencies":{"@types/eslint":"^7.2.0","@types/glob":"^7.1.3","@types/history":"^4.7.8","@types/mocha":"^7.0.2","@types/object-assign":"^4.0.30","@types/prop-types":"^15.7.3","@types/react":"^17.0.0","@types/react-dom":"^17.0.0","@types/react-router":"^5.1.8","@types/react-router-dom":"^5.1.6","@types/scheduler":"^0.16.1","@types/sprintf":"^0.1.0"}}
[23:15:26.46] Loaded content of '/home/me/.cache/typescript/3.9/package-lock.json'
[23:15:26.66] Adding entry into typings cache: 'eslint' => '/home/me/.cache/typescript/3.9/node_modules/@types/eslint/ts3.1/index.d.ts'
[23:15:26.69] Adding entry into typings cache: 'glob' => '/home/me/.cache/typescript/3.9/node_modules/@types/glob/index.d.ts'
[23:15:26.72] Adding entry into typings cache: 'history' => '/home/me/.cache/typescript/3.9/node_modules/@types/history/index.d.ts'
[23:15:26.76] Adding entry into typings cache: 'mocha' => '/home/me/.cache/typescript/3.9/node_modules/@types/mocha/index.d.ts'
[23:15:26.79] Adding entry into typings cache: 'object-assign' => '/home/me/.cache/typescript/3.9/node_modules/@types/object-assign/index.d.ts'
[23:15:26.81] Adding entry into typings cache: 'prop-types' => '/home/me/.cache/typescript/3.9/node_modules/@types/prop-types/index.d.ts'
[23:15:26.85] Adding entry into typings cache: 'react' => '/home/me/.cache/typescript/3.9/node_modules/@types/react/index.d.ts'
[23:15:26.94] Adding entry into typings cache: 'react-dom' => '/home/me/.cache/typescript/3.9/node_modules/@types/react-dom/index.d.ts'
[23:15:26.100] Adding entry into typings cache: 'react-router' => '/home/me/.cache/typescript/3.9/node_modules/@types/react-router/index.d.ts'
[23:15:26.103] Adding entry into typings cache: 'react-router-dom' => '/home/me/.cache/typescript/3.9/node_modules/@types/react-router-dom/index.d.ts'
[23:15:26.105] Adding entry into typings cache: 'scheduler' => '/home/me/.cache/typescript/3.9/node_modules/@types/scheduler/index.d.ts'
[23:15:26.107] Adding entry into typings cache: 'sprintf' => '/home/me/.cache/typescript/3.9/node_modules/@types/sprintf/index.d.ts'
[23:15:26.107] Finished processing cache location '/home/me/.cache/typescript/3.9'
[23:15:26.107] Process id: 4409
[23:15:26.107] NPM location: /usr/bin/npm (explicit '--npmLocation' not  provided)
[23:15:26.107] validateDefaultNpmLocation: false
[23:15:26.107] Npm config file: /home/me/.cache/typescript/3.9/package.json
[23:15:26.107] Updating types-registry npm package...
[23:15:26.108] Exec: /usr/bin/npm install --ignore-scripts types-registry@latest
[23:15:27.800]     Succeeded. stdout:
    + types-registry@0.1.519
    updated 1 package in 0.486s

[23:15:27.800] Updated types-registry npm package
[23:15:29.736] Got install request {"projectName":"/dev/null/inferredProject1*","fileNames":["/usr/lib/node_modules/typescript/lib/lib.d.ts","/usr/lib/node_modules/typescript/lib/lib.es5.d.ts","/usr/lib/node_modules/typescript/lib/lib.dom.d.ts","/usr/lib/node_modules/typescript/lib/lib.webworker.importscripts.d.ts","/usr/lib/node_modules/typescript/lib/lib.scripthost.d.ts","/home/me/js/dj/life/frontend/src/App.js"],"compilerOptions":{"target":1,"jsx":1,"allowNonTsExtensions":true,"allowJs":true,"noEmitForJsFiles":true,"maxNodeModuleJsDepth":2},"typeAcquisition":{"enable":true,"include":[],"exclude":[]},"unresolvedImports":[],"projectRootPath":"/home/me/js/dj/life/frontend/src","kind":"discover"}
[23:15:29.769] Loaded safelist from types map file '/usr/lib/node_modules/typescript/lib/typesMap.json'
[23:15:29.770] Explicitly included types: []
[23:15:29.771] Inferred typings from unresolved imports: []
[23:15:29.771] Result: {"cachedTypingPaths":[],"newTypingNames":[],"filesToWatch":["/home/me/js/dj/life/frontend/src/bower_components","/home/me/js/dj/life/frontend/src/node_modules"]}
[23:15:29.771] Finished typings discovery: {"cachedTypingPaths":[],"newTypingNames":[],"filesToWatch":["/home/me/js/dj/life/frontend/src/bower_components","/home/me/js/dj/life/frontend/src/node_modules"]}
[23:15:29.771] DirectoryWatcher:: Added:: WatchInfo: /home/me/js/dj/life/frontend/src/bower_components
[23:15:29.774] DirectoryWatcher:: Added:: WatchInfo: /home/me/js/dj/life/frontend/src/node_modules
[23:15:29.775] Sending response:
    {"projectName":"/dev/null/inferredProject1*","typeAcquisition":{"enable":true,"include":[],"exclude":[]},"compilerOptions":{"target":1,"jsx":1,"allowNonTsExtensions":true,"allowJs":true,"noEmitForJsFiles":true,"maxNodeModuleJsDepth":2},"typings":[],"unresolvedImports":[],"kind":"action::set"}
[23:15:29.775] Response has been sent.
[23:15:29.775] No new typings were requested as a result of typings discovery
